  dllmain.cpp
C:\Program Files\Microsoft Visual Studio\2022\Community\VC\Tools\MSVC\14.35.32215\include\any(13): warning STL4038: The contents of <any> are available only with C++17 or later.
C:\Users\Timothée\source\repos\Touhou Projects\TouhouAiDLLagain\dllmain.cpp(62,19): warning C4244: 'argument' : conversion de 'time_t' en 'unsigned int', perte possible de données
C:\Users\Timothée\source\repos\Touhou Projects\TouhouAiDLLagain\GenerationPerso.h(6,29): warning C4661: 'void List<Reseau *>::append(T)' : aucune définition appropriée pour la demande d'instanciation explicite du modèle
          with
          [
              T=Reseau *
          ]
C:\Users\Timothée\source\repos\Touhou Projects\TouhouAiDLLagain\List.h(10,7): message : voir la déclaration de 'List<Reseau *>::append'
C:\Users\Timothée\source\repos\Touhou Projects\TouhouAiDLLagain\GenerationPerso.h(6,29): warning C4661: 'void List<Reseau *>::remove(int)' : aucune définition appropriée pour la demande d'instanciation explicite du modèle
C:\Users\Timothée\source\repos\Touhou Projects\TouhouAiDLLagain\List.h(11,7): message : voir la déclaration de 'List<Reseau *>::remove'
C:\Users\Timothée\source\repos\Touhou Projects\TouhouAiDLLagain\GenerationPerso.h(6,29): warning C4661: 'int List<Reseau *>::length(void)' : aucune définition appropriée pour la demande d'instanciation explicite du modèle
C:\Users\Timothée\source\repos\Touhou Projects\TouhouAiDLLagain\List.h(12,6): message : voir la déclaration de 'List<Reseau *>::length'
C:\Users\Timothée\source\repos\Touhou Projects\TouhouAiDLLagain\GenerationPerso.h(6,29): warning C4661: 'T List<T>::get(int)' : aucune définition appropriée pour la demande d'instanciation explicite du modèle
          with
          [
              T=Reseau *
          ]
C:\Users\Timothée\source\repos\Touhou Projects\TouhouAiDLLagain\List.h(13,4): message : voir la déclaration de 'List<Reseau *>::get'
C:\Users\Timothée\source\repos\Touhou Projects\TouhouAiDLLagain\GenerationPerso.h(6,29): warning C4661: 'List<Reseau *>::List(List<Reseau *> *,int,T)' : aucune définition appropriée pour la demande d'instanciation explicite du modèle
          with
          [
              T=Reseau *
          ]
C:\Users\Timothée\source\repos\Touhou Projects\TouhouAiDLLagain\List.h(15,2): message : voir la déclaration de 'List<Reseau *>::List'
C:\Users\Timothée\source\repos\Touhou Projects\TouhouAiDLLagain\GenerationPerso.h(6,29): warning C4661: 'List<Reseau *>::List(void)' : aucune définition appropriée pour la demande d'instanciation explicite du modèle
C:\Users\Timothée\source\repos\Touhou Projects\TouhouAiDLLagain\List.h(14,2): message : voir la déclaration de 'List<Reseau *>::List'
C:\Users\Timothée\source\repos\Touhou Projects\TouhouAiDLLagain\GenerationPerso.h(6,29): warning C4661: 'List<Reseau *>::~List(void)' : aucune définition appropriée pour la demande d'instanciation explicite du modèle
C:\Users\Timothée\source\repos\Touhou Projects\TouhouAiDLLagain\List.h(16,3): message : voir la déclaration de 'List<Reseau *>::~List'
C:\Users\Timothée\source\repos\Touhou Projects\TouhouAiDLLagain\Reseau.h(8,28): warning C4661: 'void List<Input *>::append(T)' : aucune définition appropriée pour la demande d'instanciation explicite du modèle
          with
          [
              T=Input *
          ]
C:\Users\Timothée\source\repos\Touhou Projects\TouhouAiDLLagain\List.h(10,7): message : voir la déclaration de 'List<Input *>::append'
C:\Users\Timothée\source\repos\Touhou Projects\TouhouAiDLLagain\Reseau.h(8,28): warning C4661: 'void List<Input *>::remove(int)' : aucune définition appropriée pour la demande d'instanciation explicite du modèle
C:\Users\Timothée\source\repos\Touhou Projects\TouhouAiDLLagain\List.h(11,7): message : voir la déclaration de 'List<Input *>::remove'
C:\Users\Timothée\source\repos\Touhou Projects\TouhouAiDLLagain\Reseau.h(8,28): warning C4661: 'int List<Input *>::length(void)' : aucune définition appropriée pour la demande d'instanciation explicite du modèle
C:\Users\Timothée\source\repos\Touhou Projects\TouhouAiDLLagain\List.h(12,6): message : voir la déclaration de 'List<Input *>::length'
C:\Users\Timothée\source\repos\Touhou Projects\TouhouAiDLLagain\Reseau.h(8,28): warning C4661: 'T List<T>::get(int)' : aucune définition appropriée pour la demande d'instanciation explicite du modèle
          with
          [
              T=Input *
          ]
C:\Users\Timothée\source\repos\Touhou Projects\TouhouAiDLLagain\List.h(13,4): message : voir la déclaration de 'List<Input *>::get'
C:\Users\Timothée\source\repos\Touhou Projects\TouhouAiDLLagain\Reseau.h(8,28): warning C4661: 'List<Input *>::List(List<Input *> *,int,T)' : aucune définition appropriée pour la demande d'instanciation explicite du modèle
          with
          [
              T=Input *
          ]
C:\Users\Timothée\source\repos\Touhou Projects\TouhouAiDLLagain\List.h(15,2): message : voir la déclaration de 'List<Input *>::List'
C:\Users\Timothée\source\repos\Touhou Projects\TouhouAiDLLagain\Reseau.h(8,28): warning C4661: 'List<Input *>::List(void)' : aucune définition appropriée pour la demande d'instanciation explicite du modèle
C:\Users\Timothée\source\repos\Touhou Projects\TouhouAiDLLagain\List.h(14,2): message : voir la déclaration de 'List<Input *>::List'
C:\Users\Timothée\source\repos\Touhou Projects\TouhouAiDLLagain\Reseau.h(8,28): warning C4661: 'List<Input *>::~List(void)' : aucune définition appropriée pour la demande d'instanciation explicite du modèle
C:\Users\Timothée\source\repos\Touhou Projects\TouhouAiDLLagain\List.h(16,3): message : voir la déclaration de 'List<Input *>::~List'
  GenerationPerso.cpp
C:\Program Files\Microsoft Visual Studio\2022\Community\VC\Tools\MSVC\14.35.32215\include\any(13): warning STL4038: The contents of <any> are available only with C++17 or later.
C:\Users\Timothée\source\repos\Touhou Projects\TouhouAiDLLagain\GenerationPerso.h(6,29): warning C4661: 'void List<Reseau *>::append(T)' : aucune définition appropriée pour la demande d'instanciation explicite du modèle
          with
          [
              T=Reseau *
          ]
C:\Users\Timothée\source\repos\Touhou Projects\TouhouAiDLLagain\List.h(10,7): message : voir la déclaration de 'List<Reseau *>::append'
C:\Users\Timothée\source\repos\Touhou Projects\TouhouAiDLLagain\GenerationPerso.h(6,29): warning C4661: 'void List<Reseau *>::remove(int)' : aucune définition appropriée pour la demande d'instanciation explicite du modèle
C:\Users\Timothée\source\repos\Touhou Projects\TouhouAiDLLagain\List.h(11,7): message : voir la déclaration de 'List<Reseau *>::remove'
C:\Users\Timothée\source\repos\Touhou Projects\TouhouAiDLLagain\GenerationPerso.h(6,29): warning C4661: 'int List<Reseau *>::length(void)' : aucune définition appropriée pour la demande d'instanciation explicite du modèle
C:\Users\Timothée\source\repos\Touhou Projects\TouhouAiDLLagain\List.h(12,6): message : voir la déclaration de 'List<Reseau *>::length'
C:\Users\Timothée\source\repos\Touhou Projects\TouhouAiDLLagain\GenerationPerso.h(6,29): warning C4661: 'T List<T>::get(int)' : aucune définition appropriée pour la demande d'instanciation explicite du modèle
          with
          [
              T=Reseau *
          ]
C:\Users\Timothée\source\repos\Touhou Projects\TouhouAiDLLagain\List.h(13,4): message : voir la déclaration de 'List<Reseau *>::get'
C:\Users\Timothée\source\repos\Touhou Projects\TouhouAiDLLagain\GenerationPerso.h(6,29): warning C4661: 'List<Reseau *>::List(List<Reseau *> *,int,T)' : aucune définition appropriée pour la demande d'instanciation explicite du modèle
          with
          [
              T=Reseau *
          ]
C:\Users\Timothée\source\repos\Touhou Projects\TouhouAiDLLagain\List.h(15,2): message : voir la déclaration de 'List<Reseau *>::List'
C:\Users\Timothée\source\repos\Touhou Projects\TouhouAiDLLagain\GenerationPerso.h(6,29): warning C4661: 'List<Reseau *>::List(void)' : aucune définition appropriée pour la demande d'instanciation explicite du modèle
C:\Users\Timothée\source\repos\Touhou Projects\TouhouAiDLLagain\List.h(14,2): message : voir la déclaration de 'List<Reseau *>::List'
C:\Users\Timothée\source\repos\Touhou Projects\TouhouAiDLLagain\GenerationPerso.h(6,29): warning C4661: 'List<Reseau *>::~List(void)' : aucune définition appropriée pour la demande d'instanciation explicite du modèle
C:\Users\Timothée\source\repos\Touhou Projects\TouhouAiDLLagain\List.h(16,3): message : voir la déclaration de 'List<Reseau *>::~List'
C:\Users\Timothée\source\repos\Touhou Projects\TouhouAiDLLagain\Reseau.h(8,28): warning C4661: 'void List<Input *>::append(T)' : aucune définition appropriée pour la demande d'instanciation explicite du modèle
          with
          [
              T=Input *
          ]
C:\Users\Timothée\source\repos\Touhou Projects\TouhouAiDLLagain\List.h(10,7): message : voir la déclaration de 'List<Input *>::append'
C:\Users\Timothée\source\repos\Touhou Projects\TouhouAiDLLagain\Reseau.h(8,28): warning C4661: 'void List<Input *>::remove(int)' : aucune définition appropriée pour la demande d'instanciation explicite du modèle
C:\Users\Timothée\source\repos\Touhou Projects\TouhouAiDLLagain\List.h(11,7): message : voir la déclaration de 'List<Input *>::remove'
C:\Users\Timothée\source\repos\Touhou Projects\TouhouAiDLLagain\Reseau.h(8,28): warning C4661: 'int List<Input *>::length(void)' : aucune définition appropriée pour la demande d'instanciation explicite du modèle
C:\Users\Timothée\source\repos\Touhou Projects\TouhouAiDLLagain\List.h(12,6): message : voir la déclaration de 'List<Input *>::length'
C:\Users\Timothée\source\repos\Touhou Projects\TouhouAiDLLagain\Reseau.h(8,28): warning C4661: 'T List<T>::get(int)' : aucune définition appropriée pour la demande d'instanciation explicite du modèle
          with
          [
              T=Input *
          ]
C:\Users\Timothée\source\repos\Touhou Projects\TouhouAiDLLagain\List.h(13,4): message : voir la déclaration de 'List<Input *>::get'
C:\Users\Timothée\source\repos\Touhou Projects\TouhouAiDLLagain\Reseau.h(8,28): warning C4661: 'List<Input *>::List(List<Input *> *,int,T)' : aucune définition appropriée pour la demande d'instanciation explicite du modèle
          with
          [
              T=Input *
          ]
C:\Users\Timothée\source\repos\Touhou Projects\TouhouAiDLLagain\List.h(15,2): message : voir la déclaration de 'List<Input *>::List'
C:\Users\Timothée\source\repos\Touhou Projects\TouhouAiDLLagain\Reseau.h(8,28): warning C4661: 'List<Input *>::List(void)' : aucune définition appropriée pour la demande d'instanciation explicite du modèle
C:\Users\Timothée\source\repos\Touhou Projects\TouhouAiDLLagain\List.h(14,2): message : voir la déclaration de 'List<Input *>::List'
C:\Users\Timothée\source\repos\Touhou Projects\TouhouAiDLLagain\Reseau.h(8,28): warning C4661: 'List<Input *>::~List(void)' : aucune définition appropriée pour la demande d'instanciation explicite du modèle
C:\Users\Timothée\source\repos\Touhou Projects\TouhouAiDLLagain\List.h(16,3): message : voir la déclaration de 'List<Input *>::~List'
  GenericNeurone.cpp
  List.cpp
C:\Program Files\Microsoft Visual Studio\2022\Community\VC\Tools\MSVC\14.35.32215\include\any(13): warning STL4038: The contents of <any> are available only with C++17 or later.
  Input.cpp
C:\Users\Timothée\source\repos\Touhou Projects\TouhouAiDLLagain\Input.cpp(58,23): warning C4244: '=' : conversion de 'double' en 'float', perte possible de données
C:\Users\Timothée\source\repos\Touhou Projects\TouhouAiDLLagain\Input.cpp(88,31): warning C4244: 'argument' : conversion de 'double' en 'float', perte possible de données
C:\Users\Timothée\source\repos\Touhou Projects\TouhouAiDLLagain\Input.cpp(88,22): warning C4244: 'argument' : conversion de 'double' en 'float', perte possible de données
  pch.cpp
  Personnage.cpp
C:\Program Files\Microsoft Visual Studio\2022\Community\VC\Tools\MSVC\14.35.32215\include\any(13): warning STL4038: The contents of <any> are available only with C++17 or later.
C:\Users\Timothée\source\repos\Touhou Projects\TouhouAiDLLagain\Personnage.cpp(53,24): warning C4244: '=' : conversion de 'double' en 'float', perte possible de données
C:\Users\Timothée\source\repos\Touhou Projects\TouhouAiDLLagain\Personnage.cpp(54,24): warning C4244: '=' : conversion de 'double' en 'float', perte possible de données
C:\Users\Timothée\source\repos\Touhou Projects\TouhouAiDLLagain\Personnage.cpp(92,8): warning C4244: '=' : conversion de 'double' en 'float', perte possible de données
C:\Users\Timothée\source\repos\Touhou Projects\TouhouAiDLLagain\Personnage.cpp(93,8): warning C4244: '=' : conversion de 'double' en 'float', perte possible de données
C:\Users\Timothée\source\repos\Touhou Projects\TouhouAiDLLagain\Reseau.h(8,28): warning C4661: 'void List<Input *>::append(T)' : aucune définition appropriée pour la demande d'instanciation explicite du modèle
          with
          [
              T=Input *
          ]
C:\Users\Timothée\source\repos\Touhou Projects\TouhouAiDLLagain\List.h(10,7): message : voir la déclaration de 'List<Input *>::append'
C:\Users\Timothée\source\repos\Touhou Projects\TouhouAiDLLagain\Reseau.h(8,28): warning C4661: 'void List<Input *>::remove(int)' : aucune définition appropriée pour la demande d'instanciation explicite du modèle
C:\Users\Timothée\source\repos\Touhou Projects\TouhouAiDLLagain\List.h(11,7): message : voir la déclaration de 'List<Input *>::remove'
C:\Users\Timothée\source\repos\Touhou Projects\TouhouAiDLLagain\Reseau.h(8,28): warning C4661: 'int List<Input *>::length(void)' : aucune définition appropriée pour la demande d'instanciation explicite du modèle
C:\Users\Timothée\source\repos\Touhou Projects\TouhouAiDLLagain\List.h(12,6): message : voir la déclaration de 'List<Input *>::length'
C:\Users\Timothée\source\repos\Touhou Projects\TouhouAiDLLagain\Reseau.h(8,28): warning C4661: 'T List<T>::get(int)' : aucune définition appropriée pour la demande d'instanciation explicite du modèle
          with
          [
              T=Input *
          ]
C:\Users\Timothée\source\repos\Touhou Projects\TouhouAiDLLagain\List.h(13,4): message : voir la déclaration de 'List<Input *>::get'
C:\Users\Timothée\source\repos\Touhou Projects\TouhouAiDLLagain\Reseau.h(8,28): warning C4661: 'List<Input *>::List(List<Input *> *,int,T)' : aucune définition appropriée pour la demande d'instanciation explicite du modèle
          with
          [
              T=Input *
          ]
C:\Users\Timothée\source\repos\Touhou Projects\TouhouAiDLLagain\List.h(15,2): message : voir la déclaration de 'List<Input *>::List'
C:\Users\Timothée\source\repos\Touhou Projects\TouhouAiDLLagain\Reseau.h(8,28): warning C4661: 'List<Input *>::List(void)' : aucune définition appropriée pour la demande d'instanciation explicite du modèle
C:\Users\Timothée\source\repos\Touhou Projects\TouhouAiDLLagain\List.h(14,2): message : voir la déclaration de 'List<Input *>::List'
C:\Users\Timothée\source\repos\Touhou Projects\TouhouAiDLLagain\Reseau.h(8,28): warning C4661: 'List<Input *>::~List(void)' : aucune définition appropriée pour la demande d'instanciation explicite du modèle
C:\Users\Timothée\source\repos\Touhou Projects\TouhouAiDLLagain\List.h(16,3): message : voir la déclaration de 'List<Input *>::~List'
  Reseau.cpp
C:\Program Files\Microsoft Visual Studio\2022\Community\VC\Tools\MSVC\14.35.32215\include\any(13): warning STL4038: The contents of <any> are available only with C++17 or later.
C:\Users\Timothée\source\repos\Touhou Projects\TouhouAiDLLagain\Reseau.h(8,28): warning C4661: 'void List<Input *>::append(T)' : aucune définition appropriée pour la demande d'instanciation explicite du modèle
          with
          [
              T=Input *
          ]
C:\Users\Timothée\source\repos\Touhou Projects\TouhouAiDLLagain\List.h(10,7): message : voir la déclaration de 'List<Input *>::append'
C:\Users\Timothée\source\repos\Touhou Projects\TouhouAiDLLagain\Reseau.h(8,28): warning C4661: 'void List<Input *>::remove(int)' : aucune définition appropriée pour la demande d'instanciation explicite du modèle
C:\Users\Timothée\source\repos\Touhou Projects\TouhouAiDLLagain\List.h(11,7): message : voir la déclaration de 'List<Input *>::remove'
C:\Users\Timothée\source\repos\Touhou Projects\TouhouAiDLLagain\Reseau.h(8,28): warning C4661: 'int List<Input *>::length(void)' : aucune définition appropriée pour la demande d'instanciation explicite du modèle
C:\Users\Timothée\source\repos\Touhou Projects\TouhouAiDLLagain\List.h(12,6): message : voir la déclaration de 'List<Input *>::length'
C:\Users\Timothée\source\repos\Touhou Projects\TouhouAiDLLagain\Reseau.h(8,28): warning C4661: 'T List<T>::get(int)' : aucune définition appropriée pour la demande d'instanciation explicite du modèle
          with
          [
              T=Input *
          ]
C:\Users\Timothée\source\repos\Touhou Projects\TouhouAiDLLagain\List.h(13,4): message : voir la déclaration de 'List<Input *>::get'
C:\Users\Timothée\source\repos\Touhou Projects\TouhouAiDLLagain\Reseau.h(8,28): warning C4661: 'List<Input *>::List(List<Input *> *,int,T)' : aucune définition appropriée pour la demande d'instanciation explicite du modèle
          with
          [
              T=Input *
          ]
C:\Users\Timothée\source\repos\Touhou Projects\TouhouAiDLLagain\List.h(15,2): message : voir la déclaration de 'List<Input *>::List'
C:\Users\Timothée\source\repos\Touhou Projects\TouhouAiDLLagain\Reseau.h(8,28): warning C4661: 'List<Input *>::List(void)' : aucune définition appropriée pour la demande d'instanciation explicite du modèle
C:\Users\Timothée\source\repos\Touhou Projects\TouhouAiDLLagain\List.h(14,2): message : voir la déclaration de 'List<Input *>::List'
C:\Users\Timothée\source\repos\Touhou Projects\TouhouAiDLLagain\Reseau.h(8,28): warning C4661: 'List<Input *>::~List(void)' : aucune définition appropriée pour la demande d'instanciation explicite du modèle
C:\Users\Timothée\source\repos\Touhou Projects\TouhouAiDLLagain\List.h(16,3): message : voir la déclaration de 'List<Input *>::~List'
  Hidden_neurone.cpp
C:\Users\Timothée\source\repos\Touhou Projects\TouhouAiDLLagain\Hidden_neurone.cpp(42,23): warning C4244: '=' : conversion de 'double' en 'float', perte possible de données
  TestJeuAI.cpp
C:\Program Files\Microsoft Visual Studio\2022\Community\VC\Tools\MSVC\14.35.32215\include\any(13): warning STL4038: The contents of <any> are available only with C++17 or later.
C:\Users\Timothée\source\repos\Touhou Projects\TouhouAiDLLagain\TestJeuAI.cpp(83,15): warning C4244: 'argument' : conversion de 'time_t' en 'unsigned int', perte possible de données
C:\Users\Timothée\source\repos\Touhou Projects\TouhouAiDLLagain\TestJeuAI.cpp(91,9): warning C4101: 'msg' : variable locale non référencée
C:\Users\Timothée\source\repos\Touhou Projects\TouhouAiDLLagain\TestJeuAI.cpp(132,9): warning C4101: 'msg' : variable locale non référencée
C:\Users\Timothée\source\repos\Touhou Projects\TouhouAiDLLagain\TestJeuAI.cpp(182,61): warning C4244: 'argument' : conversion de 'double' en 'FLOAT', perte possible de données
C:\Users\Timothée\source\repos\Touhou Projects\TouhouAiDLLagain\TestJeuAI.cpp(182,54): warning C4244: 'argument' : conversion de 'double' en 'FLOAT', perte possible de données
C:\Users\Timothée\source\repos\Touhou Projects\TouhouAiDLLagain\GenerationPerso.h(6,29): warning C4661: 'void List<Reseau *>::append(T)' : aucune définition appropriée pour la demande d'instanciation explicite du modèle
          with
          [
              T=Reseau *
          ]
C:\Users\Timothée\source\repos\Touhou Projects\TouhouAiDLLagain\List.h(10,7): message : voir la déclaration de 'List<Reseau *>::append'
C:\Users\Timothée\source\repos\Touhou Projects\TouhouAiDLLagain\GenerationPerso.h(6,29): warning C4661: 'void List<Reseau *>::remove(int)' : aucune définition appropriée pour la demande d'instanciation explicite du modèle
C:\Users\Timothée\source\repos\Touhou Projects\TouhouAiDLLagain\List.h(11,7): message : voir la déclaration de 'List<Reseau *>::remove'
C:\Users\Timothée\source\repos\Touhou Projects\TouhouAiDLLagain\GenerationPerso.h(6,29): warning C4661: 'int List<Reseau *>::length(void)' : aucune définition appropriée pour la demande d'instanciation explicite du modèle
C:\Users\Timothée\source\repos\Touhou Projects\TouhouAiDLLagain\List.h(12,6): message : voir la déclaration de 'List<Reseau *>::length'
C:\Users\Timothée\source\repos\Touhou Projects\TouhouAiDLLagain\GenerationPerso.h(6,29): warning C4661: 'T List<T>::get(int)' : aucune définition appropriée pour la demande d'instanciation explicite du modèle
          with
          [
              T=Reseau *
          ]
C:\Users\Timothée\source\repos\Touhou Projects\TouhouAiDLLagain\List.h(13,4): message : voir la déclaration de 'List<Reseau *>::get'
C:\Users\Timothée\source\repos\Touhou Projects\TouhouAiDLLagain\GenerationPerso.h(6,29): warning C4661: 'List<Reseau *>::List(List<Reseau *> *,int,T)' : aucune définition appropriée pour la demande d'instanciation explicite du modèle
          with
          [
              T=Reseau *
          ]
C:\Users\Timothée\source\repos\Touhou Projects\TouhouAiDLLagain\List.h(15,2): message : voir la déclaration de 'List<Reseau *>::List'
C:\Users\Timothée\source\repos\Touhou Projects\TouhouAiDLLagain\GenerationPerso.h(6,29): warning C4661: 'List<Reseau *>::List(void)' : aucune définition appropriée pour la demande d'instanciation explicite du modèle
C:\Users\Timothée\source\repos\Touhou Projects\TouhouAiDLLagain\List.h(14,2): message : voir la déclaration de 'List<Reseau *>::List'
C:\Users\Timothée\source\repos\Touhou Projects\TouhouAiDLLagain\GenerationPerso.h(6,29): warning C4661: 'List<Reseau *>::~List(void)' : aucune définition appropriée pour la demande d'instanciation explicite du modèle
C:\Users\Timothée\source\repos\Touhou Projects\TouhouAiDLLagain\List.h(16,3): message : voir la déclaration de 'List<Reseau *>::~List'
C:\Users\Timothée\source\repos\Touhou Projects\TouhouAiDLLagain\Reseau.h(8,28): warning C4661: 'void List<Input *>::append(T)' : aucune définition appropriée pour la demande d'instanciation explicite du modèle
          with
          [
              T=Input *
          ]
C:\Users\Timothée\source\repos\Touhou Projects\TouhouAiDLLagain\List.h(10,7): message : voir la déclaration de 'List<Input *>::append'
C:\Users\Timothée\source\repos\Touhou Projects\TouhouAiDLLagain\Reseau.h(8,28): warning C4661: 'void List<Input *>::remove(int)' : aucune définition appropriée pour la demande d'instanciation explicite du modèle
C:\Users\Timothée\source\repos\Touhou Projects\TouhouAiDLLagain\List.h(11,7): message : voir la déclaration de 'List<Input *>::remove'
C:\Users\Timothée\source\repos\Touhou Projects\TouhouAiDLLagain\Reseau.h(8,28): warning C4661: 'int List<Input *>::length(void)' : aucune définition appropriée pour la demande d'instanciation explicite du modèle
C:\Users\Timothée\source\repos\Touhou Projects\TouhouAiDLLagain\List.h(12,6): message : voir la déclaration de 'List<Input *>::length'
C:\Users\Timothée\source\repos\Touhou Projects\TouhouAiDLLagain\Reseau.h(8,28): warning C4661: 'T List<T>::get(int)' : aucune définition appropriée pour la demande d'instanciation explicite du modèle
          with
          [
              T=Input *
          ]
C:\Users\Timothée\source\repos\Touhou Projects\TouhouAiDLLagain\List.h(13,4): message : voir la déclaration de 'List<Input *>::get'
C:\Users\Timothée\source\repos\Touhou Projects\TouhouAiDLLagain\Reseau.h(8,28): warning C4661: 'List<Input *>::List(List<Input *> *,int,T)' : aucune définition appropriée pour la demande d'instanciation explicite du modèle
          with
          [
              T=Input *
          ]
C:\Users\Timothée\source\repos\Touhou Projects\TouhouAiDLLagain\List.h(15,2): message : voir la déclaration de 'List<Input *>::List'
C:\Users\Timothée\source\repos\Touhou Projects\TouhouAiDLLagain\Reseau.h(8,28): warning C4661: 'List<Input *>::List(void)' : aucune définition appropriée pour la demande d'instanciation explicite du modèle
C:\Users\Timothée\source\repos\Touhou Projects\TouhouAiDLLagain\List.h(14,2): message : voir la déclaration de 'List<Input *>::List'
C:\Users\Timothée\source\repos\Touhou Projects\TouhouAiDLLagain\Reseau.h(8,28): warning C4661: 'List<Input *>::~List(void)' : aucune définition appropriée pour la demande d'instanciation explicite du modèle
C:\Users\Timothée\source\repos\Touhou Projects\TouhouAiDLLagain\List.h(16,3): message : voir la déclaration de 'List<Input *>::~List'
  utils.cpp
C:\Program Files\Microsoft Visual Studio\2022\Community\VC\Tools\MSVC\14.35.32215\include\any(13): warning STL4038: The contents of <any> are available only with C++17 or later.
C:\Users\Timothée\source\repos\Touhou Projects\TouhouAiDLLagain\utils.cpp(98,54): warning C4244: 'return' : conversion de 'double' en 'float', perte possible de données
  Window.cpp
C:\Program Files (x86)\Windows Kits\10\Include\10.0.22000.0\shared\minwindef.h(130,1): warning C4005: 'APIENTRY' : redéfinition de macro
C:\Users\Timothée\source\repos\Touhou Projects\packages\glfw.3.3.8\build\native\include\GLFW\glfw3.h(123,1): message : voir la définition précédente de 'APIENTRY'
     Création de la bibliothèque C:\Users\Timothée\source\repos\Touhou Projects\x64\Release\TouhouAiDLLagain.lib et de l'objet C:\Users\Timothée\source\repos\Touhou Projects\x64\Release\TouhouAiDLLagain.exp
Window.obj : error LNK2001: symbole externe non résolu __imp_glEnd
Window.obj : error LNK2001: symbole externe non résolu __imp_glColor3f
Window.obj : error LNK2001: symbole externe non résolu __imp_glBegin
Window.obj : error LNK2001: symbole externe non résolu __imp_glVertex2f
C:\Users\Timothée\source\repos\Touhou Projects\x64\Release\TouhouAiDLLagain.dll : fatal error LNK1120: 4 externes non résolus
