  NeuralNetwork.cpp
C:\Users\Timothée\source\repos\Touhou Projects\TouhouAiDLLagain\NeuralNetwork.cpp(102,23): warning C4018: '<' : incompatibilité signed/unsigned
C:\Users\Timothée\source\repos\Touhou Projects\TouhouAiDLLagain\NeuralNetwork.cpp(109,24): warning C4018: '<' : incompatibilité signed/unsigned
C:\Program Files\Microsoft Visual Studio\2022\Community\VC\Tools\MSVC\14.35.32215\include\xutility(275,56): warning C4244: 'initialisation' : conversion de '_Ty' en 'float', perte possible de données
          with
          [
              _Ty=double
          ]
C:\Program Files\Microsoft Visual Studio\2022\Community\VC\Tools\MSVC\14.35.32215\include\vector(852): message : voir la référence à l'instanciation de la fonction modèle 'void std::_Construct_in_place<float,_Ty>(float &,_Ty &&) noexcept' en cours de compilation
          with
          [
              _Ty=double
          ]
C:\Program Files\Microsoft Visual Studio\2022\Community\VC\Tools\MSVC\14.35.32215\include\vector(839): message : voir la référence à l'instanciation de la fonction modèle '_Ty &std::vector<_Ty,std::allocator<_Ty>>::_Emplace_back_with_unused_capacity<double>(double &&)' en cours de compilation
          with
          [
              _Ty=float
          ]
C:\Program Files\Microsoft Visual Studio\2022\Community\VC\Tools\MSVC\14.35.32215\include\vector(845,13): message : voir la référence à l'instanciation de la fonction modèle '_Ty &std::vector<_Ty,std::allocator<_Ty>>::_Emplace_back_with_unused_capacity<double>(double &&)' en cours de compilation
          with
          [
              _Ty=float
          ]
C:\Program Files\Microsoft Visual Studio\2022\Community\VC\Tools\MSVC\14.35.32215\include\vector(925): message : voir la référence à l'instanciation de la fonction modèle '_Ty &std::vector<_Ty,std::allocator<_Ty>>::_Emplace_one_at_back<double>(double &&)' en cours de compilation
          with
          [
              _Ty=float
          ]
C:\Program Files\Microsoft Visual Studio\2022\Community\VC\Tools\MSVC\14.35.32215\include\vector(927,14): message : voir la référence à l'instanciation de la fonction modèle '_Ty &std::vector<_Ty,std::allocator<_Ty>>::_Emplace_one_at_back<double>(double &&)' en cours de compilation
          with
          [
              _Ty=float
          ]
C:\Users\Timothée\source\repos\Touhou Projects\TouhouAiDLLagain\NeuralNetwork.cpp(146,58): message : voir la référence à l'instanciation de la fonction modèle 'void std::vector<float,std::allocator<float>>::emplace_back<double>(double &&)' en cours de compilation
C:\Program Files\Microsoft Visual Studio\2022\Community\VC\Tools\MSVC\14.35.32215\include\xmemory(680,47): warning C4244: 'initialisation' : conversion de '_Ty' en '_Objty', perte possible de données
          with
          [
              _Ty=double
          ]
          and
          [
              _Objty=float
          ]
C:\Program Files\Microsoft Visual Studio\2022\Community\VC\Tools\MSVC\14.35.32215\include\vector(875): message : voir la référence à l'instanciation de la fonction modèle 'void std::_Default_allocator_traits<_Alloc>::construct<_Ty,double>(_Alloc &,_Objty *const ,double &&)' en cours de compilation
          with
          [
              _Alloc=std::allocator<float>,
              _Ty=float,
              _Objty=float
          ]
C:\Program Files\Microsoft Visual Studio\2022\Community\VC\Tools\MSVC\14.35.32215\include\vector(899,32): message : voir la référence à l'instanciation de la fonction modèle 'void std::_Default_allocator_traits<_Alloc>::construct<_Ty,double>(_Alloc &,_Objty *const ,double &&)' en cours de compilation
          with
          [
              _Alloc=std::allocator<float>,
              _Ty=float,
              _Objty=float
          ]
C:\Program Files\Microsoft Visual Studio\2022\Community\VC\Tools\MSVC\14.35.32215\include\vector(839): message : voir la référence à l'instanciation de la fonction modèle 'float *std::vector<float,std::allocator<float>>::_Emplace_reallocate<_Ty>(float *const ,_Ty &&)' en cours de compilation
          with
          [
              _Ty=double
          ]
C:\Program Files\Microsoft Visual Studio\2022\Community\VC\Tools\MSVC\14.35.32215\include\vector(848,9): message : voir la référence à l'instanciation de la fonction modèle 'float *std::vector<float,std::allocator<float>>::_Emplace_reallocate<_Ty>(float *const ,_Ty &&)' en cours de compilation
          with
          [
              _Ty=double
          ]
  TouhouAiDLLagain.vcxproj -> C:\Jeux casse\TouhouAiDLLagain.dll
