  GenerationPerso.cpp
C:\Program Files\Microsoft Visual Studio\2022\Community\VC\Tools\MSVC\14.35.32215\include\any(13): warning STL4038: The contents of <any> are available only with C++17 or later.
C:\Users\Timothée\source\repos\Touhou Projects\TouhouAiDLLagain\GenerationPerso.cpp(48,19): warning C4244: 'argument' : conversion de 'double' en 'float', perte possible de données
C:\Users\Timothée\source\repos\Touhou Projects\TouhouAiDLLagain\GenerationPerso.h(6,29): warning C4661: 'void List<Reseau *>::append(T)' : aucune définition appropriée pour la demande d'instanciation explicite du modèle
          with
          [
              T=Reseau *
          ]
C:\Users\Timothée\source\repos\Touhou Projects\TouhouAiDLLagain\List.h(10,7): message : voir la déclaration de 'List<Reseau *>::append'
C:\Users\Timothée\source\repos\Touhou Projects\TouhouAiDLLagain\GenerationPerso.h(6,29): warning C4661: 'void List<Reseau *>::remove(int)' : aucune définition appropriée pour la demande d'instanciation explicite du modèle
C:\Users\Timothée\source\repos\Touhou Projects\TouhouAiDLLagain\List.h(11,7): message : voir la déclaration de 'List<Reseau *>::remove'
C:\Users\Timothée\source\repos\Touhou Projects\TouhouAiDLLagain\GenerationPerso.h(6,29): warning C4661: 'int List<Reseau *>::length(void)' : aucune définition appropriée pour la demande d'instanciation explicite du modèle
C:\Users\Timothée\source\repos\Touhou Projects\TouhouAiDLLagain\List.h(12,6): message : voir la déclaration de 'List<Reseau *>::length'
C:\Users\Timothée\source\repos\Touhou Projects\TouhouAiDLLagain\GenerationPerso.h(6,29): warning C4661: 'T List<T>::get(int)' : aucune définition appropriée pour la demande d'instanciation explicite du modèle
          with
          [
              T=Reseau *
          ]
C:\Users\Timothée\source\repos\Touhou Projects\TouhouAiDLLagain\List.h(13,4): message : voir la déclaration de 'List<Reseau *>::get'
C:\Users\Timothée\source\repos\Touhou Projects\TouhouAiDLLagain\GenerationPerso.h(6,29): warning C4661: 'List<Reseau *>::List(List<Reseau *> *,int,T)' : aucune définition appropriée pour la demande d'instanciation explicite du modèle
          with
          [
              T=Reseau *
          ]
C:\Users\Timothée\source\repos\Touhou Projects\TouhouAiDLLagain\List.h(15,2): message : voir la déclaration de 'List<Reseau *>::List'
C:\Users\Timothée\source\repos\Touhou Projects\TouhouAiDLLagain\GenerationPerso.h(6,29): warning C4661: 'List<Reseau *>::List(void)' : aucune définition appropriée pour la demande d'instanciation explicite du modèle
C:\Users\Timothée\source\repos\Touhou Projects\TouhouAiDLLagain\List.h(14,2): message : voir la déclaration de 'List<Reseau *>::List'
C:\Users\Timothée\source\repos\Touhou Projects\TouhouAiDLLagain\GenerationPerso.h(6,29): warning C4661: 'List<Reseau *>::~List(void)' : aucune définition appropriée pour la demande d'instanciation explicite du modèle
C:\Users\Timothée\source\repos\Touhou Projects\TouhouAiDLLagain\List.h(16,3): message : voir la déclaration de 'List<Reseau *>::~List'
  Neurone.cpp
C:\Users\Timothée\source\repos\Touhou Projects\TouhouAiDLLagain\Neurone.cpp(89,31): warning C4244: 'argument' : conversion de 'double' en 'float', perte possible de données
C:\Users\Timothée\source\repos\Touhou Projects\TouhouAiDLLagain\Neurone.cpp(89,22): warning C4244: 'argument' : conversion de 'double' en 'float', perte possible de données
  Personnage.cpp
C:\Users\Timothée\source\repos\Touhou Projects\TouhouAiDLLagain\Personnage.cpp(19,219): warning C4244: 'initialisation' : conversion de 'float' en 'int', perte possible de données
C:\Users\Timothée\source\repos\Touhou Projects\TouhouAiDLLagain\Personnage.cpp(19,192): warning C4244: 'initialisation' : conversion de 'float' en 'int', perte possible de données
C:\Users\Timothée\source\repos\Touhou Projects\TouhouAiDLLagain\Personnage.cpp(25,152): warning C4244: 'initialisation' : conversion de 'float' en 'int', perte possible de données
C:\Users\Timothée\source\repos\Touhou Projects\TouhouAiDLLagain\Personnage.cpp(25,125): warning C4244: 'initialisation' : conversion de 'float' en 'int', perte possible de données
C:\Users\Timothée\source\repos\Touhou Projects\TouhouAiDLLagain\Personnage.cpp(31,168): warning C4244: 'initialisation' : conversion de 'float' en 'int', perte possible de données
C:\Users\Timothée\source\repos\Touhou Projects\TouhouAiDLLagain\Personnage.cpp(31,141): warning C4244: 'initialisation' : conversion de 'float' en 'int', perte possible de données
C:\Users\Timothée\source\repos\Touhou Projects\TouhouAiDLLagain\Personnage.cpp(126,8): warning C4244: '=' : conversion de 'double' en 'float', perte possible de données
C:\Users\Timothée\source\repos\Touhou Projects\TouhouAiDLLagain\Personnage.cpp(127,8): warning C4244: '=' : conversion de 'double' en 'float', perte possible de données
  Reseau.cpp
  Sous_reseau.cpp
  TestJeuAI.cpp
C:\Program Files\Microsoft Visual Studio\2022\Community\VC\Tools\MSVC\14.35.32215\include\any(13): warning STL4038: The contents of <any> are available only with C++17 or later.
C:\Users\Timothée\source\repos\Touhou Projects\TouhouAiDLLagain\TestJeuAI.cpp(83,15): warning C4244: 'argument' : conversion de 'time_t' en 'unsigned int', perte possible de données
C:\Users\Timothée\source\repos\Touhou Projects\TouhouAiDLLagain\TestJeuAI.cpp(91,9): warning C4101: 'msg' : variable locale non référencée
C:\Users\Timothée\source\repos\Touhou Projects\TouhouAiDLLagain\TestJeuAI.cpp(132,9): warning C4101: 'msg' : variable locale non référencée
C:\Users\Timothée\source\repos\Touhou Projects\TouhouAiDLLagain\TestJeuAI.cpp(182,61): warning C4244: 'argument' : conversion de 'double' en 'FLOAT', perte possible de données
C:\Users\Timothée\source\repos\Touhou Projects\TouhouAiDLLagain\TestJeuAI.cpp(182,54): warning C4244: 'argument' : conversion de 'double' en 'FLOAT', perte possible de données
C:\Users\Timothée\source\repos\Touhou Projects\TouhouAiDLLagain\GenerationPerso.h(6,29): warning C4661: 'void List<Reseau *>::append(T)' : aucune définition appropriée pour la demande d'instanciation explicite du modèle
          with
          [
              T=Reseau *
          ]
C:\Users\Timothée\source\repos\Touhou Projects\TouhouAiDLLagain\List.h(10,7): message : voir la déclaration de 'List<Reseau *>::append'
C:\Users\Timothée\source\repos\Touhou Projects\TouhouAiDLLagain\GenerationPerso.h(6,29): warning C4661: 'void List<Reseau *>::remove(int)' : aucune définition appropriée pour la demande d'instanciation explicite du modèle
C:\Users\Timothée\source\repos\Touhou Projects\TouhouAiDLLagain\List.h(11,7): message : voir la déclaration de 'List<Reseau *>::remove'
C:\Users\Timothée\source\repos\Touhou Projects\TouhouAiDLLagain\GenerationPerso.h(6,29): warning C4661: 'int List<Reseau *>::length(void)' : aucune définition appropriée pour la demande d'instanciation explicite du modèle
C:\Users\Timothée\source\repos\Touhou Projects\TouhouAiDLLagain\List.h(12,6): message : voir la déclaration de 'List<Reseau *>::length'
C:\Users\Timothée\source\repos\Touhou Projects\TouhouAiDLLagain\GenerationPerso.h(6,29): warning C4661: 'T List<T>::get(int)' : aucune définition appropriée pour la demande d'instanciation explicite du modèle
          with
          [
              T=Reseau *
          ]
C:\Users\Timothée\source\repos\Touhou Projects\TouhouAiDLLagain\List.h(13,4): message : voir la déclaration de 'List<Reseau *>::get'
C:\Users\Timothée\source\repos\Touhou Projects\TouhouAiDLLagain\GenerationPerso.h(6,29): warning C4661: 'List<Reseau *>::List(List<Reseau *> *,int,T)' : aucune définition appropriée pour la demande d'instanciation explicite du modèle
          with
          [
              T=Reseau *
          ]
C:\Users\Timothée\source\repos\Touhou Projects\TouhouAiDLLagain\List.h(15,2): message : voir la déclaration de 'List<Reseau *>::List'
C:\Users\Timothée\source\repos\Touhou Projects\TouhouAiDLLagain\GenerationPerso.h(6,29): warning C4661: 'List<Reseau *>::List(void)' : aucune définition appropriée pour la demande d'instanciation explicite du modèle
C:\Users\Timothée\source\repos\Touhou Projects\TouhouAiDLLagain\List.h(14,2): message : voir la déclaration de 'List<Reseau *>::List'
C:\Users\Timothée\source\repos\Touhou Projects\TouhouAiDLLagain\GenerationPerso.h(6,29): warning C4661: 'List<Reseau *>::~List(void)' : aucune définition appropriée pour la demande d'instanciation explicite du modèle
C:\Users\Timothée\source\repos\Touhou Projects\TouhouAiDLLagain\List.h(16,3): message : voir la déclaration de 'List<Reseau *>::~List'
  dllmain.cpp
C:\Program Files\Microsoft Visual Studio\2022\Community\VC\Tools\MSVC\14.35.32215\include\any(13): warning STL4038: The contents of <any> are available only with C++17 or later.
C:\Users\Timothée\source\repos\Touhou Projects\TouhouAiDLLagain\dllmain.cpp(59,19): warning C4244: 'argument' : conversion de 'time_t' en 'unsigned int', perte possible de données
C:\Users\Timothée\source\repos\Touhou Projects\TouhouAiDLLagain\GenerationPerso.h(6,29): warning C4661: 'void List<Reseau *>::append(T)' : aucune définition appropriée pour la demande d'instanciation explicite du modèle
          with
          [
              T=Reseau *
          ]
C:\Users\Timothée\source\repos\Touhou Projects\TouhouAiDLLagain\List.h(10,7): message : voir la déclaration de 'List<Reseau *>::append'
C:\Users\Timothée\source\repos\Touhou Projects\TouhouAiDLLagain\GenerationPerso.h(6,29): warning C4661: 'void List<Reseau *>::remove(int)' : aucune définition appropriée pour la demande d'instanciation explicite du modèle
C:\Users\Timothée\source\repos\Touhou Projects\TouhouAiDLLagain\List.h(11,7): message : voir la déclaration de 'List<Reseau *>::remove'
C:\Users\Timothée\source\repos\Touhou Projects\TouhouAiDLLagain\GenerationPerso.h(6,29): warning C4661: 'int List<Reseau *>::length(void)' : aucune définition appropriée pour la demande d'instanciation explicite du modèle
C:\Users\Timothée\source\repos\Touhou Projects\TouhouAiDLLagain\List.h(12,6): message : voir la déclaration de 'List<Reseau *>::length'
C:\Users\Timothée\source\repos\Touhou Projects\TouhouAiDLLagain\GenerationPerso.h(6,29): warning C4661: 'T List<T>::get(int)' : aucune définition appropriée pour la demande d'instanciation explicite du modèle
          with
          [
              T=Reseau *
          ]
C:\Users\Timothée\source\repos\Touhou Projects\TouhouAiDLLagain\List.h(13,4): message : voir la déclaration de 'List<Reseau *>::get'
C:\Users\Timothée\source\repos\Touhou Projects\TouhouAiDLLagain\GenerationPerso.h(6,29): warning C4661: 'List<Reseau *>::List(List<Reseau *> *,int,T)' : aucune définition appropriée pour la demande d'instanciation explicite du modèle
          with
          [
              T=Reseau *
          ]
C:\Users\Timothée\source\repos\Touhou Projects\TouhouAiDLLagain\List.h(15,2): message : voir la déclaration de 'List<Reseau *>::List'
C:\Users\Timothée\source\repos\Touhou Projects\TouhouAiDLLagain\GenerationPerso.h(6,29): warning C4661: 'List<Reseau *>::List(void)' : aucune définition appropriée pour la demande d'instanciation explicite du modèle
C:\Users\Timothée\source\repos\Touhou Projects\TouhouAiDLLagain\List.h(14,2): message : voir la déclaration de 'List<Reseau *>::List'
C:\Users\Timothée\source\repos\Touhou Projects\TouhouAiDLLagain\GenerationPerso.h(6,29): warning C4661: 'List<Reseau *>::~List(void)' : aucune définition appropriée pour la demande d'instanciation explicite du modèle
C:\Users\Timothée\source\repos\Touhou Projects\TouhouAiDLLagain\List.h(16,3): message : voir la déclaration de 'List<Reseau *>::~List'
  utils.cpp
C:\Program Files\Microsoft Visual Studio\2022\Community\VC\Tools\MSVC\14.35.32215\include\any(13): warning STL4038: The contents of <any> are available only with C++17 or later.
C:\Users\Timothée\source\repos\Touhou Projects\TouhouAiDLLagain\utils.cpp(35,70): warning C4312: 'cast de type' : la conversion de 'int' en 'zBulletList *' d'une taille supérieure
C:\Users\Timothée\source\repos\Touhou Projects\TouhouAiDLLagain\utils.cpp(36,49): warning C4311: 'cast de type' : troncation de pointeur de 'zBulletList *' à 'int'
C:\Users\Timothée\source\repos\Touhou Projects\TouhouAiDLLagain\utils.cpp(36,49): warning C4302: 'cast de type' : troncation de 'zBulletList *' à 'int'
C:\Users\Timothée\source\repos\Touhou Projects\TouhouAiDLLagain\utils.cpp(44,52): warning C4312: 'cast de type' : la conversion de 'int' en 'zBullet *' d'une taille supérieure
C:\Users\Timothée\source\repos\Touhou Projects\TouhouAiDLLagain\utils.cpp(50,24): warning C4244: 'initialisation' : conversion de 'double' en 'float', perte possible de données
C:\Users\Timothée\source\repos\Touhou Projects\TouhouAiDLLagain\utils.cpp(52,23): warning C4244: 'initialisation' : conversion de 'double' en 'float', perte possible de données
C:\Users\Timothée\source\repos\Touhou Projects\TouhouAiDLLagain\utils.cpp(60,69): warning C4312: 'cast de type' : la conversion de 'int' en 'zBulletList *' d'une taille supérieure
C:\Users\Timothée\source\repos\Touhou Projects\TouhouAiDLLagain\utils.cpp(61,50): warning C4311: 'cast de type' : troncation de pointeur de 'zBulletList *' à 'int'
C:\Users\Timothée\source\repos\Touhou Projects\TouhouAiDLLagain\utils.cpp(61,50): warning C4302: 'cast de type' : troncation de 'zBulletList *' à 'int'
C:\Users\Timothée\source\repos\Touhou Projects\TouhouAiDLLagain\utils.cpp(66,44): warning C4312: 'cast de type' : la conversion de 'int' en 'zBullet *' d'une taille supérieure
C:\Users\Timothée\source\repos\Touhou Projects\TouhouAiDLLagain\utils.cpp(87,54): warning C4244: 'return' : conversion de 'double' en 'float', perte possible de données
  Génération de code en cours...
  TouhouAiDLLagain.vcxproj -> C:\Users\Timothée\source\repos\Touhou Projects\x64\Debug\TouhouAiDLLagain.dll
